<?xml version="1.0" encoding="UTF-8"?>
<!-- Generated by org.testng.reporters.JUnitXMLReporter -->
<testsuite hostname="DESKTOP-FAT3EL6" ignored="0" name="Selenium_Grid_demo" tests="5" failures="0" timestamp="2019-09-09T09:03:41 CST" time="52.709" errors="0">
  <testcase name="f" time="19.724" classname="com.hustar.TestDemo.day3.SeleniumGridTest"/>
  <testcase name="registerTest" time="13.083" classname="com.hustar.TestDemo.day3.RegisterTest"/>
  <testcase name="f" time="12.032" classname="com.hustar.TestDemo.day3.SeleniumGridTest"/>
  <testcase name="f1" time="9.615" classname="com.hustar.TestDemo.day3.SeleniumGridTest"/>
  <testcase name="f1" time="11.253" classname="com.hustar.TestDemo.day3.SeleniumGridTest"/>
</testsuite> <!-- Selenium_Grid_demo -->
